<?xml version="1.0" encoding="UTF-8"?>
<!-- Generated by org.testng.reporters.JUnitReportReporter -->
<testsuite hostname="DESKTOP-0FOIP8O" failures="0" tests="5" name="testCases.TC_003_LoginDDT" time="43.355" errors="0" timestamp="2024-04-29T13:31:33 IST" skipped="0">
  <testcase classname="testCases.TC_003_LoginDDT" name="LoginDataDriven" time="2.419"/>
  <testcase classname="testCases.TC_003_LoginDDT" name="LoginDataDriven" time="4.680"/>
  <testcase classname="testCases.TC_003_LoginDDT" name="LoginDataDriven" time="11.587"/>
  <testcase classname="testCases.TC_003_LoginDDT" name="LoginDataDriven" time="12.266"/>
  <testcase classname="testCases.TC_003_LoginDDT" name="LoginDataDriven" time="12.403"/>
</testsuite> <!-- testCases.TC_003_LoginDDT -->
