<?xml version="1.0" encoding="UTF-8"?>
<!-- Generated by org.testng.reporters.JUnitReportReporter -->
<testsuite hostname="DESKTOP-0FOIP8O" failures="0" tests="1" name="testCases.TC_001_AccountRegistrationPage" time="6.392" errors="0" timestamp="2024-05-01T13:23:35 IST" skipped="0">
  <testcase classname="testCases.TC_001_AccountRegistrationPage" name="accountCreation" time="6.392"/>
</testsuite> <!-- testCases.TC_001_AccountRegistrationPage -->
