<?xml version="1.0" encoding="UTF-8"?>
<!-- Generated by org.testng.reporters.JUnitReportReporter -->
<testsuite hostname="DESKTOP-0FOIP8O" failures="0" tests="1" name="testCases.TC_001_AccountRegistrationPage" time="7.932" errors="0" timestamp="2024-05-01T14:36:50 IST" skipped="0">
  <testcase classname="testCases.TC_001_AccountRegistrationPage" name="accountCreation" time="7.932"/>
</testsuite> <!-- testCases.TC_001_AccountRegistrationPage -->
